<?xml version="1.0" encoding="UTF-8"?>
<testng-results skipped="0" failed="0" ignored="0" total="1" passed="1">
  <reporter-output>
  </reporter-output>
  <suite name="Default suite" duration-ms="42021" started-at="2021-02-26T09:50:14 IST" finished-at="2021-02-26T09:50:56 IST">
    <groups>
    </groups>
    <test name="Default test" duration-ms="42021" started-at="2021-02-26T09:50:14 IST" finished-at="2021-02-26T09:50:56 IST">
      <class name="kwdfDemos.MyTest">
        <test-method status="PASS" signature="Sample()[pri:0, instance:kwdfDemos.MyTest@57855c9a]" name="Sample" duration-ms="41841" started-at="2021-02-26T09:50:14 IST" finished-at="2021-02-26T09:50:56 IST">
          <reporter-output>
          </reporter-output>
        </test-method> <!-- Sample -->
      </class> <!-- kwdfDemos.MyTest -->
    </test> <!-- Default test -->
  </suite> <!-- Default suite -->
</testng-results>
